# JRE version: Java(TM) SE Runtime Environment (8.0_111-b14) (build 1.8.0_111-b14)
# Java VM: Java HotSpot(TM) 64-Bit Server VM (25.111-b14 mixed mode linux-amd64 compressed oops)
Heap:
 PSYoungGen      total 67584K, used 21957K [0x00000000d7b00000, 0x00000000dc200000, 0x0000000100000000)
  eden space 62464K, 26% used [0x00000000d7b00000,0x00000000d8b75500,0x00000000db800000)
  from space 5120K, 99% used [0x00000000dbd00000,0x00000000dc1fc000,0x00000000dc200000)
  to   space 5120K, 0% used [0x00000000db800000,0x00000000db800000,0x00000000dbd00000)
 ParOldGen       total 83456K, used 8517K [0x0000000087000000, 0x000000008c180000, 0x00000000d7b00000)
  object space 83456K, 10% used [0x0000000087000000,0x00000000878514d8,0x000000008c180000)
 Metaspace       used 17080K, capacity 17264K, committed 17408K, reserved 1062912K
  class space    used 3783K, capacity 3831K, committed 3840K, reserved 1048576K
GC Heap History (4 events):
Event: 0.714 GC heap before
{Heap before GC invocations=1 (full 0):
 PSYoungGen      total 36352K, used 31232K [0x00000000d7b00000, 0x00000000da380000, 0x0000000100000000)
  eden space 31232K, 100% used [0x00000000d7b00000,0x00000000d9980000,0x00000000d9980000)
  from space 5120K, 0% used [0x00000000d9e80000,0x00000000d9e80000,0x00000000da380000)
  to   space 5120K, 0% used [0x00000000d9980000,0x00000000d9980000,0x00000000d9e80000)
 ParOldGen       total 83456K, used 0K [0x0000000087000000, 0x000000008c180000, 0x00000000d7b00000)
  object space 83456K, 0% used [0x0000000087000000,0x0000000087000000,0x000000008c180000)
 Metaspace       used 11948K, capacity 12144K, committed 12288K, reserved 1058816K
  class space    used 2518K, capacity 2540K, committed 2560K, reserved 1048576K
Event: 0.731 GC heap after
Heap after GC invocations=1 (full 0):
 PSYoungGen      total 36352K, used 5107K [0x00000000d7b00000, 0x00000000dc200000, 0x0000000100000000)
  eden space 31232K, 0% used [0x00000000d7b00000,0x00000000d7b00000,0x00000000d9980000)
  from space 5120K, 99% used [0x00000000d9980000,0x00000000d9e7cd90,0x00000000d9e80000)
  to   space 5120K, 0% used [0x00000000dbd00000,0x00000000dbd00000,0x00000000dc200000)
 ParOldGen       total 83456K, used 5226K [0x0000000087000000, 0x000000008c180000, 0x00000000d7b00000)
  object space 83456K, 6% used [0x0000000087000000,0x000000008751ab90,0x000000008c180000)
 Metaspace       used 11948K, capacity 12144K, committed 12288K, reserved 1058816K
  class space    used 2518K, capacity 2540K, committed 2560K, reserved 1048576K
}
Event: 1.158 GC heap before
{Heap before GC invocations=2 (full 0):
 PSYoungGen      total 36352K, used 36326K [0x00000000d7b00000, 0x00000000dc200000, 0x0000000100000000)
  eden space 31232K, 99% used [0x00000000d7b00000,0x00000000d997cd78,0x00000000d9980000)
  from space 5120K, 99% used [0x00000000d9980000,0x00000000d9e7cd90,0x00000000d9e80000)
  to   space 5120K, 0% used [0x00000000dbd00000,0x00000000dbd00000,0x00000000dc200000)
 ParOldGen       total 83456K, used 5226K [0x0000000087000000, 0x000000008c180000, 0x00000000d7b00000)
  object space 83456K, 6% used [0x0000000087000000,0x000000008751ab90,0x000000008c180000)
 Metaspace       used 15932K, capacity 16118K, committed 16256K, reserved 1062912K
  class space    used 3586K, capacity 3630K, committed 3712K, reserved 1048576K
Event: 1.175 GC heap after
Heap after GC invocations=2 (full 0):
 PSYoungGen      total 67584K, used 5104K [0x00000000d7b00000, 0x00000000dc200000, 0x0000000100000000)
  eden space 62464K, 0% used [0x00000000d7b00000,0x00000000d7b00000,0x00000000db800000)
  from space 5120K, 99% used [0x00000000dbd00000,0x00000000dc1fc000,0x00000000dc200000)
  to   space 5120K, 0% used [0x00000000db800000,0x00000000db800000,0x00000000dbd00000)
 ParOldGen       total 83456K, used 8517K [0x0000000087000000, 0x000000008c180000, 0x00000000d7b00000)
  object space 83456K, 10% used [0x0000000087000000,0x00000000878514d8,0x000000008c180000)
 Metaspace       used 15932K, capacity 16118K, committed 16256K, reserved 1062912K
  class space    used 3586K, capacity 3630K, committed 3712K, reserved 1048576K
}

